<?xml version="1.0" encoding="UTF-8"?>
<!-- Generated by org.testng.reporters.JUnitReportReporter -->
<testsuite skipped="0" hostname="DESKTOP-HMSSTKG" name="com.crm.campaign.done_and_ok" tests="1" failures="0" timestamp="2022-07-14T11:19:34 IST" time="0.000" errors="0">
  <testcase name="ok" time="0.000" classname="com.crm.campaign.done_and_ok"/>
  <system-out/>
</testsuite> <!-- com.crm.campaign.done_and_ok -->
