<?xml version="1.0" encoding="UTF-8"?>
<!-- Generated by org.testng.reporters.JUnitReportReporter -->
<testsuite hostname="DESKTOP-HMSSTKG" failures="0" tests="1" name="com.crm.campaign.create_campaign" time="0.013" errors="0" timestamp="2022-07-13T16:32:20 IST" skipped="0">
  <testcase classname="com.crm.campaign.create_campaign" name="deletecampaign" time="0.013"/>
  <system-out/>
</testsuite> <!-- com.crm.campaign.create_campaign -->
