<?xml version="1.0" encoding="UTF-8"?>
<!-- Generated by org.testng.reporters.JUnitReportReporter -->
<testsuite skipped="0" hostname="DESKTOP-HMSSTKG" name="com.crm.campaign.CreateCampaign" tests="2" failures="0" timestamp="2022-07-14T11:19:34 IST" time="0.007" errors="0">
  <testcase name="campaignName" time="0.006" classname="com.crm.campaign.CreateCampaign"/>
  <system-out/>
  <testcase name="doneAndDusted" time="0.001" classname="com.crm.campaign.CreateCampaign"/>
  <system-out/>
</testsuite> <!-- com.crm.campaign.CreateCampaign -->
